<?xml version="1.0" encoding="UTF-8"?>
<coverage generated="1626183605984" clover="3.2.0">
  <project timestamp="1626183605984" name="All files">
    <metrics statements="21" coveredstatements="6" conditionals="16" coveredconditionals="0" methods="1" coveredmethods="1" elements="38" coveredelements="7" complexity="0" loc="21" ncloc="21" packages="1" files="1" classes="1"/>
    <file name="editTodo.js" path="/home/igorkoloski/Desktop/taks-list/tasks-list/src/editTodo.js">
      <metrics statements="21" coveredstatements="6" conditionals="16" coveredconditionals="0" methods="1" coveredmethods="1"/>
      <line num="1" count="1" type="stmt"/>
      <line num="2" count="1" type="stmt"/>
      <line num="3" count="1" type="stmt"/>
      <line num="4" count="1" type="stmt"/>
      <line num="5" count="1" type="stmt"/>
      <line num="6" count="1" type="stmt"/>
      <line num="7" count="0" type="stmt"/>
      <line num="8" count="0" type="stmt"/>
      <line num="10" count="0" type="cond" truecount="0" falsecount="2"/>
      <line num="11" count="0" type="stmt"/>
      <line num="12" count="0" type="stmt"/>
      <line num="14" count="0" type="stmt"/>
      <line num="15" count="0" type="cond" truecount="0" falsecount="2"/>
      <line num="16" count="0" type="stmt"/>
      <line num="17" count="0" type="cond" truecount="0" falsecount="2"/>
      <line num="18" count="0" type="stmt"/>
      <line num="19" count="0" type="stmt"/>
      <line num="20" count="0" type="stmt"/>
      <line num="82" count="0" type="stmt"/>
      <line num="83" count="0" type="stmt"/>
      <line num="84" count="0" type="stmt"/>
    </file>
  </project>
</coverage>
