<?xml version="1.0" encoding="UTF-8"?>
<coverage generated="1626193489188" clover="3.2.0">
  <project timestamp="1626193489189" name="All files">
    <metrics statements="240" coveredstatements="30" conditionals="84" coveredconditionals="2" methods="48" coveredmethods="5" elements="372" coveredelements="37" complexity="0" loc="240" ncloc="240" packages="1" files="6" classes="6"/>
    <file name="dom.js" path="/Users/barakamukelenga/Documents/Microverse/javascript/tasks-list/src/dom.js">
      <metrics statements="122" coveredstatements="9" conditionals="50" coveredconditionals="2" methods="24" coveredmethods="1"/>
      <line num="6" count="1" type="stmt"/>
      <line num="7" count="1" type="cond" truecount="2" falsecount="0"/>
      <line num="8" count="1" type="stmt"/>
      <line num="10" count="1" type="stmt"/>
      <line num="11" count="1" type="stmt"/>
      <line num="12" count="0" type="stmt"/>
      <line num="13" count="0" type="stmt"/>
      <line num="14" count="0" type="stmt"/>
      <line num="15" count="0" type="stmt"/>
      <line num="17" count="0" type="stmt"/>
      <line num="18" count="0" type="cond" truecount="0" falsecount="2"/>
      <line num="19" count="0" type="stmt"/>
      <line num="20" count="0" type="stmt"/>
      <line num="21" count="0" type="cond" truecount="0" falsecount="2"/>
      <line num="24" count="0" type="stmt"/>
      <line num="26" count="0" type="cond" truecount="0" falsecount="2"/>
      <line num="27" count="0" type="stmt"/>
      <line num="28" count="0" type="stmt"/>
      <line num="29" count="0" type="stmt"/>
      <line num="30" count="0" type="stmt"/>
      <line num="31" count="0" type="stmt"/>
      <line num="32" count="0" type="stmt"/>
      <line num="33" count="0" type="stmt"/>
      <line num="34" count="0" type="stmt"/>
      <line num="35" count="0" type="cond" truecount="0" falsecount="2"/>
      <line num="36" count="0" type="stmt"/>
      <line num="39" count="0" type="stmt"/>
      <line num="40" count="0" type="stmt"/>
      <line num="41" count="0" type="cond" truecount="0" falsecount="2"/>
      <line num="43" count="0" type="stmt"/>
      <line num="46" count="0" type="stmt"/>
      <line num="47" count="0" type="cond" truecount="0" falsecount="2"/>
      <line num="52" count="0" type="stmt"/>
      <line num="53" count="0" type="cond" truecount="0" falsecount="2"/>
      <line num="54" count="0" type="stmt"/>
      <line num="55" count="0" type="stmt"/>
      <line num="56" count="0" type="stmt"/>
      <line num="57" count="0" type="stmt"/>
      <line num="61" count="0" type="stmt"/>
      <line num="62" count="0" type="stmt"/>
      <line num="63" count="0" type="cond" truecount="0" falsecount="2"/>
      <line num="64" count="0" type="stmt"/>
      <line num="65" count="0" type="stmt"/>
      <line num="66" count="0" type="stmt"/>
      <line num="67" count="0" type="stmt"/>
      <line num="68" count="0" type="cond" truecount="0" falsecount="2"/>
      <line num="69" count="0" type="stmt"/>
      <line num="70" count="0" type="stmt"/>
      <line num="71" count="0" type="cond" truecount="0" falsecount="2"/>
      <line num="77" count="1" type="stmt"/>
      <line num="78" count="0" type="stmt"/>
      <line num="81" count="1" type="stmt"/>
      <line num="82" count="0" type="stmt"/>
      <line num="83" count="0" type="stmt"/>
      <line num="84" count="0" type="stmt"/>
      <line num="85" count="0" type="cond" truecount="0" falsecount="2"/>
      <line num="86" count="0" type="stmt"/>
      <line num="87" count="0" type="cond" truecount="0" falsecount="2"/>
      <line num="88" count="0" type="stmt"/>
      <line num="90" count="0" type="stmt"/>
      <line num="91" count="0" type="stmt"/>
      <line num="92" count="0" type="stmt"/>
      <line num="93" count="0" type="stmt"/>
      <line num="94" count="0" type="cond" truecount="0" falsecount="2"/>
      <line num="95" count="0" type="stmt"/>
      <line num="97" count="0" type="stmt"/>
      <line num="99" count="0" type="stmt"/>
      <line num="101" count="0" type="stmt"/>
      <line num="103" count="0" type="stmt"/>
      <line num="104" count="0" type="cond" truecount="0" falsecount="2"/>
      <line num="105" count="0" type="stmt"/>
      <line num="106" count="0" type="stmt"/>
      <line num="107" count="0" type="stmt"/>
      <line num="111" count="0" type="stmt"/>
      <line num="113" count="0" type="stmt"/>
      <line num="114" count="0" type="cond" truecount="0" falsecount="2"/>
      <line num="115" count="0" type="stmt"/>
      <line num="116" count="0" type="stmt"/>
      <line num="117" count="0" type="stmt"/>
      <line num="118" count="0" type="stmt"/>
      <line num="119" count="0" type="stmt"/>
      <line num="123" count="0" type="stmt"/>
      <line num="124" count="0" type="stmt"/>
      <line num="125" count="0" type="cond" truecount="0" falsecount="2"/>
      <line num="126" count="0" type="stmt"/>
      <line num="127" count="0" type="stmt"/>
      <line num="128" count="0" type="stmt"/>
      <line num="129" count="0" type="stmt"/>
      <line num="130" count="0" type="cond" truecount="0" falsecount="2"/>
      <line num="131" count="0" type="stmt"/>
      <line num="132" count="0" type="stmt"/>
      <line num="133" count="0" type="cond" truecount="0" falsecount="2"/>
      <line num="138" count="0" type="stmt"/>
      <line num="139" count="0" type="stmt"/>
      <line num="140" count="0" type="cond" truecount="0" falsecount="2"/>
      <line num="141" count="0" type="stmt"/>
      <line num="142" count="0" type="stmt"/>
      <line num="143" count="0" type="stmt"/>
      <line num="147" count="0" type="cond" truecount="0" falsecount="2"/>
      <line num="148" count="0" type="stmt"/>
      <line num="149" count="0" type="stmt"/>
      <line num="150" count="0" type="stmt"/>
      <line num="151" count="0" type="stmt"/>
      <line num="152" count="0" type="stmt"/>
      <line num="153" count="0" type="stmt"/>
      <line num="154" count="0" type="stmt"/>
      <line num="155" count="0" type="stmt"/>
      <line num="156" count="0" type="cond" truecount="0" falsecount="2"/>
      <line num="157" count="0" type="stmt"/>
      <line num="160" count="0" type="stmt"/>
      <line num="161" count="0" type="stmt"/>
      <line num="162" count="0" type="cond" truecount="0" falsecount="2"/>
      <line num="164" count="0" type="stmt"/>
      <line num="167" count="0" type="stmt"/>
      <line num="168" count="0" type="cond" truecount="0" falsecount="2"/>
      <line num="174" count="1" type="stmt"/>
      <line num="175" count="0" type="cond" truecount="0" falsecount="2"/>
      <line num="176" count="0" type="stmt"/>
      <line num="177" count="0" type="stmt"/>
      <line num="178" count="0" type="stmt"/>
      <line num="179" count="0" type="stmt"/>
      <line num="182" count="1" type="stmt"/>
    </file>
    <file name="editTodo.js" path="/Users/barakamukelenga/Documents/Microverse/javascript/tasks-list/src/editTodo.js">
      <metrics statements="21" coveredstatements="6" conditionals="16" coveredconditionals="0" methods="1" coveredmethods="1"/>
      <line num="1" count="2" type="stmt"/>
      <line num="2" count="1" type="stmt"/>
      <line num="3" count="1" type="stmt"/>
      <line num="4" count="1" type="stmt"/>
      <line num="5" count="1" type="stmt"/>
      <line num="6" count="1" type="stmt"/>
      <line num="7" count="0" type="stmt"/>
      <line num="8" count="0" type="stmt"/>
      <line num="10" count="0" type="cond" truecount="0" falsecount="2"/>
      <line num="11" count="0" type="stmt"/>
      <line num="12" count="0" type="stmt"/>
      <line num="14" count="0" type="stmt"/>
      <line num="15" count="0" type="cond" truecount="0" falsecount="2"/>
      <line num="16" count="0" type="stmt"/>
      <line num="17" count="0" type="cond" truecount="0" falsecount="2"/>
      <line num="18" count="0" type="stmt"/>
      <line num="19" count="0" type="stmt"/>
      <line num="20" count="0" type="stmt"/>
      <line num="82" count="0" type="stmt"/>
      <line num="83" count="0" type="stmt"/>
      <line num="84" count="0" type="stmt"/>
    </file>
    <file name="helper.js" path="/Users/barakamukelenga/Documents/Microverse/javascript/tasks-list/src/helper.js">
      <metrics statements="18" coveredstatements="7" conditionals="6" coveredconditionals="0" methods="6" coveredmethods="2"/>
      <line num="5" count="1" type="stmt"/>
      <line num="6" count="1" type="stmt"/>
      <line num="9" count="1" type="stmt"/>
      <line num="10" count="1" type="stmt"/>
      <line num="11" count="0" type="stmt"/>
      <line num="12" count="0" type="cond" truecount="0" falsecount="2"/>
      <line num="13" count="0" type="stmt"/>
      <line num="14" count="0" type="stmt"/>
      <line num="15" count="0" type="stmt"/>
      <line num="16" count="0" type="stmt"/>
      <line num="19" count="1" type="stmt"/>
      <line num="20" count="0" type="cond" truecount="0" falsecount="2"/>
      <line num="21" count="0" type="stmt"/>
      <line num="22" count="0" type="stmt"/>
      <line num="23" count="0" type="stmt"/>
      <line num="24" count="0" type="stmt"/>
      <line num="27" count="1" type="cond" truecount="0" falsecount="2"/>
      <line num="29" count="1" type="stmt"/>
    </file>
    <file name="projects.js" path="/Users/barakamukelenga/Documents/Microverse/javascript/tasks-list/src/projects.js">
      <metrics statements="15" coveredstatements="1" conditionals="0" coveredconditionals="0" methods="2" coveredmethods="0"/>
      <line num="1" count="1" type="stmt"/>
      <line num="2" count="0" type="stmt"/>
      <line num="3" count="0" type="stmt"/>
      <line num="4" count="0" type="stmt"/>
      <line num="5" count="0" type="stmt"/>
      <line num="6" count="0" type="stmt"/>
      <line num="7" count="0" type="stmt"/>
      <line num="8" count="0" type="stmt"/>
      <line num="9" count="0" type="stmt"/>
      <line num="10" count="0" type="stmt"/>
      <line num="11" count="0" type="stmt"/>
      <line num="12" count="0" type="stmt"/>
      <line num="18" count="0" type="stmt"/>
      <line num="20" count="0" type="stmt"/>
      <line num="21" count="0" type="stmt"/>
    </file>
    <file name="todo.js" path="/Users/barakamukelenga/Documents/Microverse/javascript/tasks-list/src/todo.js">
      <metrics statements="17" coveredstatements="1" conditionals="2" coveredconditionals="0" methods="2" coveredmethods="0"/>
      <line num="3" count="1" type="stmt"/>
      <line num="4" count="0" type="stmt"/>
      <line num="5" count="0" type="stmt"/>
      <line num="6" count="0" type="stmt"/>
      <line num="7" count="0" type="stmt"/>
      <line num="8" count="0" type="stmt"/>
      <line num="9" count="0" type="cond" truecount="0" falsecount="2"/>
      <line num="10" count="0" type="stmt"/>
      <line num="12" count="0" type="stmt"/>
      <line num="15" count="0" type="stmt"/>
      <line num="16" count="0" type="stmt"/>
      <line num="17" count="0" type="stmt"/>
      <line num="18" count="0" type="stmt"/>
      <line num="19" count="0" type="stmt"/>
      <line num="32" count="0" type="stmt"/>
      <line num="35" count="0" type="stmt"/>
      <line num="36" count="0" type="stmt"/>
    </file>
    <file name="todoActions.js" path="/Users/barakamukelenga/Documents/Microverse/javascript/tasks-list/src/todoActions.js">
      <metrics statements="47" coveredstatements="6" conditionals="10" coveredconditionals="0" methods="13" coveredmethods="1"/>
      <line num="5" count="0" type="stmt"/>
      <line num="6" count="0" type="stmt"/>
      <line num="10" count="0" type="cond" truecount="0" falsecount="2"/>
      <line num="11" count="0" type="stmt"/>
      <line num="18" count="0" type="cond" truecount="0" falsecount="2"/>
      <line num="19" count="0" type="stmt"/>
      <line num="20" count="0" type="stmt"/>
      <line num="21" count="0" type="stmt"/>
      <line num="23" count="0" type="stmt"/>
      <line num="24" count="0" type="stmt"/>
      <line num="25" count="0" type="stmt"/>
      <line num="30" count="0" type="cond" truecount="0" falsecount="2"/>
      <line num="31" count="0" type="stmt"/>
      <line num="32" count="0" type="stmt"/>
      <line num="33" count="0" type="stmt"/>
      <line num="34" count="0" type="stmt"/>
      <line num="35" count="0" type="stmt"/>
      <line num="36" count="0" type="stmt"/>
      <line num="37" count="0" type="stmt"/>
      <line num="38" count="0" type="stmt"/>
      <line num="39" count="0" type="stmt"/>
      <line num="40" count="0" type="stmt"/>
      <line num="44" count="0" type="cond" truecount="0" falsecount="2"/>
      <line num="45" count="0" type="stmt"/>
      <line num="46" count="0" type="stmt"/>
      <line num="47" count="0" type="stmt"/>
      <line num="48" count="0" type="stmt"/>
      <line num="49" count="0" type="stmt"/>
      <line num="50" count="0" type="stmt"/>
      <line num="54" count="0" type="cond" truecount="0" falsecount="2"/>
      <line num="55" count="0" type="stmt"/>
      <line num="56" count="0" type="stmt"/>
      <line num="57" count="0" type="stmt"/>
      <line num="61" count="1" type="stmt"/>
      <line num="62" count="1" type="stmt"/>
      <line num="63" count="0" type="stmt"/>
      <line num="64" count="0" type="stmt"/>
      <line num="67" count="1" type="stmt"/>
      <line num="68" count="0" type="stmt"/>
      <line num="69" count="0" type="stmt"/>
      <line num="72" count="1" type="stmt"/>
      <line num="73" count="0" type="stmt"/>
      <line num="74" count="0" type="stmt"/>
      <line num="77" count="1" type="stmt"/>
      <line num="78" count="0" type="stmt"/>
      <line num="79" count="0" type="stmt"/>
      <line num="82" count="1" type="stmt"/>
    </file>
  </project>
</coverage>
