{"/Users/barakamukelenga/Documents/Microverse/javascript/tasks-list/src/dom.js": {"path":"/Users/barakamukelenga/Documents/Microverse/javascript/tasks-list/src/dom.js","statementMap":{"0":{"start":{"line":6,"column":29},"end":{"line":6,"column":79}},"1":{"start":{"line":7,"column":21},"end":{"line":7,"column":49}},"2":{"start":{"line":8,"column":18},"end":{"line":8,"column":22}},"3":{"start":{"line":10,"column":15},"end":{"line":185,"column":4}},"4":{"start":{"line":11,"column":27},"end":{"line":75,"column":3}},"5":{"start":{"line":12,"column":4},"end":{"line":12,"column":29}},"6":{"start":{"line":13,"column":4},"end":{"line":13,"column":32}},"7":{"start":{"line":14,"column":4},"end":{"line":14,"column":42}},"8":{"start":{"line":15,"column":27},"end":{"line":15,"column":70}},"9":{"start":{"line":17,"column":23},"end":{"line":17,"column":62}},"10":{"start":{"line":18,"column":4},"end":{"line":23,"column":5}},"11":{"start":{"line":19,"column":6},"end":{"line":22,"column":9}},"12":{"start":{"line":20,"column":8},"end":{"line":20,"column":27}},"13":{"start":{"line":21,"column":8},"end":{"line":21,"column":63}},"14":{"start":{"line":24,"column":25},"end":{"line":24,"column":64}},"15":{"start":{"line":26,"column":4},"end":{"line":50,"column":5}},"16":{"start":{"line":27,"column":6},"end":{"line":49,"column":9}},"17":{"start":{"line":28,"column":8},"end":{"line":28,"column":27}},"18":{"start":{"line":29,"column":22},"end":{"line":29,"column":71}},"19":{"start":{"line":30,"column":28},"end":{"line":30,"column":77}},"20":{"start":{"line":31,"column":21},"end":{"line":31,"column":63}},"21":{"start":{"line":32,"column":27},"end":{"line":32,"column":80}},"22":{"start":{"line":33,"column":26},"end":{"line":33,"column":67}},"23":{"start":{"line":34,"column":23},"end":{"line":34,"column":61}},"24":{"start":{"line":35,"column":8},"end":{"line":48,"column":9}},"25":{"start":{"line":36,"column":10},"end":{"line":38,"column":13}},"26":{"start":{"line":39,"column":10},"end":{"line":39,"column":38}},"27":{"start":{"line":40,"column":10},"end":{"line":40,"column":48}},"28":{"start":{"line":41,"column":10},"end":{"line":41,"column":65}},"29":{"start":{"line":43,"column":10},"end":{"line":45,"column":24}},"30":{"start":{"line":46,"column":10},"end":{"line":46,"column":38}},"31":{"start":{"line":47,"column":10},"end":{"line":47,"column":65}},"32":{"start":{"line":52,"column":4},"end":{"line":52,"column":52}},"33":{"start":{"line":53,"column":4},"end":{"line":59,"column":5}},"34":{"start":{"line":54,"column":6},"end":{"line":58,"column":10}},"35":{"start":{"line":54,"column":36},"end":{"line":58,"column":8}},"36":{"start":{"line":55,"column":8},"end":{"line":55,"column":27}},"37":{"start":{"line":56,"column":8},"end":{"line":56,"column":62}},"38":{"start":{"line":57,"column":8},"end":{"line":57,"column":55}},"39":{"start":{"line":61,"column":25},"end":{"line":61,"column":66}},"40":{"start":{"line":62,"column":4},"end":{"line":62,"column":48}},"41":{"start":{"line":63,"column":4},"end":{"line":74,"column":5}},"42":{"start":{"line":64,"column":6},"end":{"line":73,"column":9}},"43":{"start":{"line":65,"column":8},"end":{"line":72,"column":11}},"44":{"start":{"line":66,"column":10},"end":{"line":66,"column":29}},"45":{"start":{"line":67,"column":24},"end":{"line":67,"column":55}},"46":{"start":{"line":68,"column":25},"end":{"line":68,"column":75}},"47":{"start":{"line":69,"column":10},"end":{"line":69,"column":82}},"48":{"start":{"line":69,"column":44},"end":{"line":69,"column":80}},"49":{"start":{"line":70,"column":10},"end":{"line":70,"column":69}},"50":{"start":{"line":71,"column":10},"end":{"line":71,"column":72}},"51":{"start":{"line":77,"column":19},"end":{"line":79,"column":3}},"52":{"start":{"line":78,"column":4},"end":{"line":78,"column":38}},"53":{"start":{"line":81,"column":31},"end":{"line":172,"column":3}},"54":{"start":{"line":82,"column":21},"end":{"line":82,"column":68}},"55":{"start":{"line":83,"column":20},"end":{"line":83,"column":64}},"56":{"start":{"line":83,"column":41},"end":{"line":83,"column":63}},"57":{"start":{"line":84,"column":27},"end":{"line":84,"column":34}},"58":{"start":{"line":85,"column":21},"end":{"line":85,"column":71}},"59":{"start":{"line":86,"column":16},"end":{"line":86,"column":18}},"60":{"start":{"line":87,"column":4},"end":{"line":89,"column":5}},"61":{"start":{"line":88,"column":6},"end":{"line":88,"column":93}},"62":{"start":{"line":88,"column":40},"end":{"line":88,"column":91}},"63":{"start":{"line":90,"column":4},"end":{"line":90,"column":54}},"64":{"start":{"line":91,"column":4},"end":{"line":91,"column":77}},"65":{"start":{"line":92,"column":28},"end":{"line":92,"column":42}},"66":{"start":{"line":93,"column":4},"end":{"line":93,"column":34}},"67":{"start":{"line":94,"column":4},"end":{"line":98,"column":5}},"68":{"start":{"line":95,"column":6},"end":{"line":95,"column":46}},"69":{"start":{"line":97,"column":6},"end":{"line":97,"column":39}},"70":{"start":{"line":99,"column":4},"end":{"line":99,"column":38}},"71":{"start":{"line":101,"column":25},"end":{"line":101,"column":65}},"72":{"start":{"line":103,"column":4},"end":{"line":103,"column":48}},"73":{"start":{"line":104,"column":4},"end":{"line":109,"column":5}},"74":{"start":{"line":105,"column":6},"end":{"line":108,"column":10}},"75":{"start":{"line":105,"column":34},"end":{"line":108,"column":8}},"76":{"start":{"line":106,"column":8},"end":{"line":106,"column":27}},"77":{"start":{"line":107,"column":8},"end":{"line":107,"column":62}},"78":{"start":{"line":111,"column":27},"end":{"line":111,"column":70}},"79":{"start":{"line":113,"column":4},"end":{"line":113,"column":52}},"80":{"start":{"line":114,"column":4},"end":{"line":121,"column":5}},"81":{"start":{"line":115,"column":6},"end":{"line":120,"column":10}},"82":{"start":{"line":115,"column":36},"end":{"line":120,"column":8}},"83":{"start":{"line":116,"column":8},"end":{"line":116,"column":27}},"84":{"start":{"line":117,"column":8},"end":{"line":117,"column":62}},"85":{"start":{"line":118,"column":8},"end":{"line":118,"column":33}},"86":{"start":{"line":119,"column":8},"end":{"line":119,"column":33}},"87":{"start":{"line":123,"column":25},"end":{"line":123,"column":66}},"88":{"start":{"line":124,"column":4},"end":{"line":124,"column":48}},"89":{"start":{"line":125,"column":4},"end":{"line":136,"column":5}},"90":{"start":{"line":126,"column":6},"end":{"line":135,"column":9}},"91":{"start":{"line":127,"column":8},"end":{"line":134,"column":11}},"92":{"start":{"line":128,"column":10},"end":{"line":128,"column":29}},"93":{"start":{"line":129,"column":24},"end":{"line":129,"column":55}},"94":{"start":{"line":130,"column":25},"end":{"line":130,"column":75}},"95":{"start":{"line":131,"column":10},"end":{"line":131,"column":82}},"96":{"start":{"line":131,"column":44},"end":{"line":131,"column":80}},"97":{"start":{"line":132,"column":10},"end":{"line":132,"column":69}},"98":{"start":{"line":133,"column":10},"end":{"line":133,"column":72}},"99":{"start":{"line":138,"column":25},"end":{"line":138,"column":64}},"100":{"start":{"line":139,"column":23},"end":{"line":139,"column":62}},"101":{"start":{"line":140,"column":4},"end":{"line":145,"column":5}},"102":{"start":{"line":141,"column":6},"end":{"line":144,"column":9}},"103":{"start":{"line":142,"column":8},"end":{"line":142,"column":27}},"104":{"start":{"line":143,"column":8},"end":{"line":143,"column":33}},"105":{"start":{"line":147,"column":4},"end":{"line":171,"column":5}},"106":{"start":{"line":148,"column":6},"end":{"line":170,"column":9}},"107":{"start":{"line":149,"column":8},"end":{"line":149,"column":27}},"108":{"start":{"line":150,"column":22},"end":{"line":150,"column":71}},"109":{"start":{"line":151,"column":28},"end":{"line":151,"column":77}},"110":{"start":{"line":152,"column":21},"end":{"line":152,"column":63}},"111":{"start":{"line":153,"column":27},"end":{"line":153,"column":80}},"112":{"start":{"line":154,"column":26},"end":{"line":154,"column":67}},"113":{"start":{"line":155,"column":23},"end":{"line":155,"column":61}},"114":{"start":{"line":156,"column":8},"end":{"line":169,"column":9}},"115":{"start":{"line":157,"column":10},"end":{"line":159,"column":13}},"116":{"start":{"line":160,"column":10},"end":{"line":160,"column":38}},"117":{"start":{"line":161,"column":10},"end":{"line":161,"column":48}},"118":{"start":{"line":162,"column":10},"end":{"line":162,"column":58}},"119":{"start":{"line":164,"column":10},"end":{"line":166,"column":24}},"120":{"start":{"line":167,"column":10},"end":{"line":167,"column":38}},"121":{"start":{"line":168,"column":10},"end":{"line":168,"column":58}},"122":{"start":{"line":174,"column":28},"end":{"line":180,"column":3}},"123":{"start":{"line":175,"column":21},"end":{"line":175,"column":71}},"124":{"start":{"line":176,"column":17},"end":{"line":176,"column":72}},"125":{"start":{"line":176,"column":38},"end":{"line":176,"column":71}},"126":{"start":{"line":177,"column":4},"end":{"line":177,"column":23}},"127":{"start":{"line":178,"column":4},"end":{"line":178,"column":42}},"128":{"start":{"line":179,"column":4},"end":{"line":179,"column":44}},"129":{"start":{"line":182,"column":2},"end":{"line":184,"column":4}}},"fnMap":{"0":{"name":"(anonymous_0)","decl":{"start":{"line":10,"column":16},"end":{"line":10,"column":17}},"loc":{"start":{"line":10,"column":22},"end":{"line":185,"column":1}},"line":10},"1":{"name":"(anonymous_1)","decl":{"start":{"line":11,"column":27},"end":{"line":11,"column":28}},"loc":{"start":{"line":11,"column":41},"end":{"line":75,"column":3}},"line":11},"2":{"name":"(anonymous_2)","decl":{"start":{"line":19,"column":43},"end":{"line":19,"column":44}},"loc":{"start":{"line":19,"column":49},"end":{"line":22,"column":7}},"line":19},"3":{"name":"(anonymous_3)","decl":{"start":{"line":27,"column":46},"end":{"line":27,"column":47}},"loc":{"start":{"line":27,"column":53},"end":{"line":49,"column":7}},"line":27},"4":{"name":"(anonymous_4)","decl":{"start":{"line":54,"column":27},"end":{"line":54,"column":28}},"loc":{"start":{"line":54,"column":36},"end":{"line":58,"column":8}},"line":54},"5":{"name":"(anonymous_5)","decl":{"start":{"line":54,"column":66},"end":{"line":54,"column":67}},"loc":{"start":{"line":54,"column":73},"end":{"line":58,"column":7}},"line":54},"6":{"name":"(anonymous_6)","decl":{"start":{"line":64,"column":41},"end":{"line":64,"column":42}},"loc":{"start":{"line":64,"column":54},"end":{"line":73,"column":7}},"line":64},"7":{"name":"(anonymous_7)","decl":{"start":{"line":65,"column":42},"end":{"line":65,"column":43}},"loc":{"start":{"line":65,"column":49},"end":{"line":72,"column":9}},"line":65},"8":{"name":"(anonymous_8)","decl":{"start":{"line":69,"column":37},"end":{"line":69,"column":38}},"loc":{"start":{"line":69,"column":44},"end":{"line":69,"column":80}},"line":69},"9":{"name":"(anonymous_9)","decl":{"start":{"line":77,"column":19},"end":{"line":77,"column":20}},"loc":{"start":{"line":77,"column":33},"end":{"line":79,"column":3}},"line":77},"10":{"name":"(anonymous_10)","decl":{"start":{"line":81,"column":31},"end":{"line":81,"column":32}},"loc":{"start":{"line":81,"column":39},"end":{"line":172,"column":3}},"line":81},"11":{"name":"(anonymous_11)","decl":{"start":{"line":83,"column":34},"end":{"line":83,"column":35}},"loc":{"start":{"line":83,"column":41},"end":{"line":83,"column":63}},"line":83},"12":{"name":"(anonymous_12)","decl":{"start":{"line":88,"column":30},"end":{"line":88,"column":31}},"loc":{"start":{"line":88,"column":40},"end":{"line":88,"column":91}},"line":88},"13":{"name":"(anonymous_13)","decl":{"start":{"line":105,"column":25},"end":{"line":105,"column":26}},"loc":{"start":{"line":105,"column":34},"end":{"line":108,"column":8}},"line":105},"14":{"name":"(anonymous_14)","decl":{"start":{"line":105,"column":64},"end":{"line":105,"column":65}},"loc":{"start":{"line":105,"column":71},"end":{"line":108,"column":7}},"line":105},"15":{"name":"(anonymous_15)","decl":{"start":{"line":115,"column":27},"end":{"line":115,"column":28}},"loc":{"start":{"line":115,"column":36},"end":{"line":120,"column":8}},"line":115},"16":{"name":"(anonymous_16)","decl":{"start":{"line":115,"column":66},"end":{"line":115,"column":67}},"loc":{"start":{"line":115,"column":73},"end":{"line":120,"column":7}},"line":115},"17":{"name":"(anonymous_17)","decl":{"start":{"line":126,"column":41},"end":{"line":126,"column":42}},"loc":{"start":{"line":126,"column":54},"end":{"line":135,"column":7}},"line":126},"18":{"name":"(anonymous_18)","decl":{"start":{"line":127,"column":42},"end":{"line":127,"column":43}},"loc":{"start":{"line":127,"column":49},"end":{"line":134,"column":9}},"line":127},"19":{"name":"(anonymous_19)","decl":{"start":{"line":131,"column":37},"end":{"line":131,"column":38}},"loc":{"start":{"line":131,"column":44},"end":{"line":131,"column":80}},"line":131},"20":{"name":"(anonymous_20)","decl":{"start":{"line":141,"column":43},"end":{"line":141,"column":44}},"loc":{"start":{"line":141,"column":49},"end":{"line":144,"column":7}},"line":141},"21":{"name":"(anonymous_21)","decl":{"start":{"line":148,"column":46},"end":{"line":148,"column":47}},"loc":{"start":{"line":148,"column":53},"end":{"line":170,"column":7}},"line":148},"22":{"name":"(anonymous_22)","decl":{"start":{"line":174,"column":28},"end":{"line":174,"column":29}},"loc":{"start":{"line":174,"column":36},"end":{"line":180,"column":3}},"line":174},"23":{"name":"(anonymous_23)","decl":{"start":{"line":176,"column":31},"end":{"line":176,"column":32}},"loc":{"start":{"line":176,"column":38},"end":{"line":176,"column":71}},"line":176}},"branchMap":{"0":{"loc":{"start":{"line":7,"column":21},"end":{"line":7,"column":49}},"type":"binary-expr","locations":[{"start":{"line":7,"column":21},"end":{"line":7,"column":41}},{"start":{"line":7,"column":45},"end":{"line":7,"column":49}}],"line":7},"1":{"loc":{"start":{"line":18,"column":4},"end":{"line":23,"column":5}},"type":"if","locations":[{"start":{"line":18,"column":4},"end":{"line":23,"column":5}},{"start":{"line":18,"column":4},"end":{"line":23,"column":5}}],"line":18},"2":{"loc":{"start":{"line":21,"column":36},"end":{"line":21,"column":61}},"type":"binary-expr","locations":[{"start":{"line":21,"column":36},"end":{"line":21,"column":53}},{"start":{"line":21,"column":57},"end":{"line":21,"column":61}}],"line":21},"3":{"loc":{"start":{"line":26,"column":4},"end":{"line":50,"column":5}},"type":"if","locations":[{"start":{"line":26,"column":4},"end":{"line":50,"column":5}},{"start":{"line":26,"column":4},"end":{"line":50,"column":5}}],"line":26},"4":{"loc":{"start":{"line":35,"column":8},"end":{"line":48,"column":9}},"type":"if","locations":[{"start":{"line":35,"column":8},"end":{"line":48,"column":9}},{"start":{"line":35,"column":8},"end":{"line":48,"column":9}}],"line":35},"5":{"loc":{"start":{"line":41,"column":38},"end":{"line":41,"column":63}},"type":"binary-expr","locations":[{"start":{"line":41,"column":38},"end":{"line":41,"column":55}},{"start":{"line":41,"column":59},"end":{"line":41,"column":63}}],"line":41},"6":{"loc":{"start":{"line":47,"column":38},"end":{"line":47,"column":63}},"type":"binary-expr","locations":[{"start":{"line":47,"column":38},"end":{"line":47,"column":55}},{"start":{"line":47,"column":59},"end":{"line":47,"column":63}}],"line":47},"7":{"loc":{"start":{"line":53,"column":4},"end":{"line":59,"column":5}},"type":"if","locations":[{"start":{"line":53,"column":4},"end":{"line":59,"column":5}},{"start":{"line":53,"column":4},"end":{"line":59,"column":5}}],"line":53},"8":{"loc":{"start":{"line":63,"column":4},"end":{"line":74,"column":5}},"type":"if","locations":[{"start":{"line":63,"column":4},"end":{"line":74,"column":5}},{"start":{"line":63,"column":4},"end":{"line":74,"column":5}}],"line":63},"9":{"loc":{"start":{"line":68,"column":25},"end":{"line":68,"column":75}},"type":"binary-expr","locations":[{"start":{"line":68,"column":25},"end":{"line":68,"column":69}},{"start":{"line":68,"column":73},"end":{"line":68,"column":75}}],"line":68},"10":{"loc":{"start":{"line":71,"column":45},"end":{"line":71,"column":70}},"type":"binary-expr","locations":[{"start":{"line":71,"column":45},"end":{"line":71,"column":62}},{"start":{"line":71,"column":66},"end":{"line":71,"column":70}}],"line":71},"11":{"loc":{"start":{"line":85,"column":21},"end":{"line":85,"column":71}},"type":"binary-expr","locations":[{"start":{"line":85,"column":21},"end":{"line":85,"column":65}},{"start":{"line":85,"column":69},"end":{"line":85,"column":71}}],"line":85},"12":{"loc":{"start":{"line":87,"column":4},"end":{"line":89,"column":5}},"type":"if","locations":[{"start":{"line":87,"column":4},"end":{"line":89,"column":5}},{"start":{"line":87,"column":4},"end":{"line":89,"column":5}}],"line":87},"13":{"loc":{"start":{"line":94,"column":4},"end":{"line":98,"column":5}},"type":"if","locations":[{"start":{"line":94,"column":4},"end":{"line":98,"column":5}},{"start":{"line":94,"column":4},"end":{"line":98,"column":5}}],"line":94},"14":{"loc":{"start":{"line":104,"column":4},"end":{"line":109,"column":5}},"type":"if","locations":[{"start":{"line":104,"column":4},"end":{"line":109,"column":5}},{"start":{"line":104,"column":4},"end":{"line":109,"column":5}}],"line":104},"15":{"loc":{"start":{"line":114,"column":4},"end":{"line":121,"column":5}},"type":"if","locations":[{"start":{"line":114,"column":4},"end":{"line":121,"column":5}},{"start":{"line":114,"column":4},"end":{"line":121,"column":5}}],"line":114},"16":{"loc":{"start":{"line":125,"column":4},"end":{"line":136,"column":5}},"type":"if","locations":[{"start":{"line":125,"column":4},"end":{"line":136,"column":5}},{"start":{"line":125,"column":4},"end":{"line":136,"column":5}}],"line":125},"17":{"loc":{"start":{"line":130,"column":25},"end":{"line":130,"column":75}},"type":"binary-expr","locations":[{"start":{"line":130,"column":25},"end":{"line":130,"column":69}},{"start":{"line":130,"column":73},"end":{"line":130,"column":75}}],"line":130},"18":{"loc":{"start":{"line":133,"column":45},"end":{"line":133,"column":70}},"type":"binary-expr","locations":[{"start":{"line":133,"column":45},"end":{"line":133,"column":62}},{"start":{"line":133,"column":66},"end":{"line":133,"column":70}}],"line":133},"19":{"loc":{"start":{"line":140,"column":4},"end":{"line":145,"column":5}},"type":"if","locations":[{"start":{"line":140,"column":4},"end":{"line":145,"column":5}},{"start":{"line":140,"column":4},"end":{"line":145,"column":5}}],"line":140},"20":{"loc":{"start":{"line":147,"column":4},"end":{"line":171,"column":5}},"type":"if","locations":[{"start":{"line":147,"column":4},"end":{"line":171,"column":5}},{"start":{"line":147,"column":4},"end":{"line":171,"column":5}}],"line":147},"21":{"loc":{"start":{"line":156,"column":8},"end":{"line":169,"column":9}},"type":"if","locations":[{"start":{"line":156,"column":8},"end":{"line":169,"column":9}},{"start":{"line":156,"column":8},"end":{"line":169,"column":9}}],"line":156},"22":{"loc":{"start":{"line":162,"column":31},"end":{"line":162,"column":56}},"type":"binary-expr","locations":[{"start":{"line":162,"column":31},"end":{"line":162,"column":48}},{"start":{"line":162,"column":52},"end":{"line":162,"column":56}}],"line":162},"23":{"loc":{"start":{"line":168,"column":31},"end":{"line":168,"column":56}},"type":"binary-expr","locations":[{"start":{"line":168,"column":31},"end":{"line":168,"column":48}},{"start":{"line":168,"column":52},"end":{"line":168,"column":56}}],"line":168},"24":{"loc":{"start":{"line":175,"column":21},"end":{"line":175,"column":71}},"type":"binary-expr","locations":[{"start":{"line":175,"column":21},"end":{"line":175,"column":65}},{"start":{"line":175,"column":69},"end":{"line":175,"column":71}}],"line":175}},"s":{"0":1,"1":1,"2":1,"3":1,"4":1,"5":0,"6":0,"7":0,"8":0,"9":0,"10":0,"11":0,"12":0,"13":0,"14":0,"15":0,"16":0,"17":0,"18":0,"19":0,"20":0,"21":0,"22":0,"23":0,"24":0,"25":0,"26":0,"27":0,"28":0,"29":0,"30":0,"31":0,"32":0,"33":0,"34":0,"35":0,"36":0,"37":0,"38":0,"39":0,"40":0,"41":0,"42":0,"43":0,"44":0,"45":0,"46":0,"47":0,"48":0,"49":0,"50":0,"51":1,"52":0,"53":1,"54":0,"55":0,"56":0,"57":0,"58":0,"59":0,"60":0,"61":0,"62":0,"63":0,"64":0,"65":0,"66":0,"67":0,"68":0,"69":0,"70":0,"71":0,"72":0,"73":0,"74":0,"75":0,"76":0,"77":0,"78":0,"79":0,"80":0,"81":0,"82":0,"83":0,"84":0,"85":0,"86":0,"87":0,"88":0,"89":0,"90":0,"91":0,"92":0,"93":0,"94":0,"95":0,"96":0,"97":0,"98":0,"99":0,"100":0,"101":0,"102":0,"103":0,"104":0,"105":0,"106":0,"107":0,"108":0,"109":0,"110":0,"111":0,"112":0,"113":0,"114":0,"115":0,"116":0,"117":0,"118":0,"119":0,"120":0,"121":0,"122":1,"123":0,"124":0,"125":0,"126":0,"127":0,"128":0,"129":1},"f":{"0":1,"1":0,"2":0,"3":0,"4":0,"5":0,"6":0,"7":0,"8":0,"9":0,"10":0,"11":0,"12":0,"13":0,"14":0,"15":0,"16":0,"17":0,"18":0,"19":0,"20":0,"21":0,"22":0,"23":0},"b":{"0":[1,1],"1":[0,0],"2":[0,0],"3":[0,0],"4":[0,0],"5":[0,0],"6":[0,0],"7":[0,0],"8":[0,0],"9":[0,0],"10":[0,0],"11":[0,0],"12":[0,0],"13":[0,0],"14":[0,0],"15":[0,0],"16":[0,0],"17":[0,0],"18":[0,0],"19":[0,0],"20":[0,0],"21":[0,0],"22":[0,0],"23":[0,0],"24":[0,0]},"_coverageSchema":"1a1c01bbd47fc00a2c39e90264f33305004495a9","hash":"cb49269e7365dde4ed47a01cc6b56e78fd4b81c2"}
,"/Users/barakamukelenga/Documents/Microverse/javascript/tasks-list/src/editTodo.js": {"path":"/Users/barakamukelenga/Documents/Microverse/javascript/tasks-list/src/editTodo.js","statementMap":{"0":{"start":{"line":1,"column":17},"end":{"line":85,"column":1}},"1":{"start":{"line":2,"column":24},"end":{"line":2,"column":64}},"2":{"start":{"line":3,"column":24},"end":{"line":3,"column":53}},"3":{"start":{"line":4,"column":21},"end":{"line":4,"column":49}},"4":{"start":{"line":5,"column":22},"end":{"line":5,"column":59}},"5":{"start":{"line":6,"column":2},"end":{"line":6,"column":31}},"6":{"start":{"line":7,"column":2},"end":{"line":7,"column":53}},"7":{"start":{"line":8,"column":15},"end":{"line":8,"column":45}},"8":{"start":{"line":10,"column":2},"end":{"line":80,"column":3}},"9":{"start":{"line":11,"column":4},"end":{"line":11,"column":30}},"10":{"start":{"line":12,"column":4},"end":{"line":12,"column":88}},"11":{"start":{"line":14,"column":4},"end":{"line":14,"column":42}},"12":{"start":{"line":15,"column":4},"end":{"line":15,"column":62}},"13":{"start":{"line":16,"column":4},"end":{"line":16,"column":51}},"14":{"start":{"line":17,"column":4},"end":{"line":17,"column":63}},"15":{"start":{"line":18,"column":4},"end":{"line":18,"column":63}},"16":{"start":{"line":19,"column":4},"end":{"line":19,"column":36}},"17":{"start":{"line":20,"column":4},"end":{"line":79,"column":12}},"18":{"start":{"line":82,"column":2},"end":{"line":82,"column":40}},"19":{"start":{"line":83,"column":2},"end":{"line":83,"column":34}},"20":{"start":{"line":84,"column":2},"end":{"line":84,"column":43}}},"fnMap":{"0":{"name":"(anonymous_0)","decl":{"start":{"line":1,"column":17},"end":{"line":1,"column":18}},"loc":{"start":{"line":1,"column":44},"end":{"line":85,"column":1}},"line":1}},"branchMap":{"0":{"loc":{"start":{"line":10,"column":2},"end":{"line":80,"column":3}},"type":"if","locations":[{"start":{"line":10,"column":2},"end":{"line":80,"column":3}},{"start":{"line":10,"column":2},"end":{"line":80,"column":3}}],"line":10},"1":{"loc":{"start":{"line":15,"column":27},"end":{"line":15,"column":61}},"type":"cond-expr","locations":[{"start":{"line":15,"column":34},"end":{"line":15,"column":45}},{"start":{"line":15,"column":48},"end":{"line":15,"column":61}}],"line":15},"2":{"loc":{"start":{"line":17,"column":38},"end":{"line":17,"column":59}},"type":"cond-expr","locations":[{"start":{"line":17,"column":45},"end":{"line":17,"column":52}},{"start":{"line":17,"column":55},"end":{"line":17,"column":59}}],"line":17},"3":{"loc":{"start":{"line":27,"column":15},"end":{"line":27,"column":37}},"type":"cond-expr","locations":[{"start":{"line":27,"column":22},"end":{"line":27,"column":32}},{"start":{"line":27,"column":35},"end":{"line":27,"column":37}}],"line":27},"4":{"loc":{"start":{"line":40,"column":15},"end":{"line":40,"column":43}},"type":"cond-expr","locations":[{"start":{"line":40,"column":22},"end":{"line":40,"column":38}},{"start":{"line":40,"column":41},"end":{"line":40,"column":43}}],"line":40},"5":{"loc":{"start":{"line":53,"column":14},"end":{"line":53,"column":44}},"type":"cond-expr","locations":[{"start":{"line":53,"column":21},"end":{"line":53,"column":30}},{"start":{"line":53,"column":33},"end":{"line":53,"column":44}}],"line":53},"6":{"loc":{"start":{"line":62,"column":12},"end":{"line":62,"column":39}},"type":"cond-expr","locations":[{"start":{"line":62,"column":19},"end":{"line":62,"column":34}},{"start":{"line":62,"column":37},"end":{"line":62,"column":39}}],"line":62},"7":{"loc":{"start":{"line":78,"column":2},"end":{"line":78,"column":36}},"type":"cond-expr","locations":[{"start":{"line":78,"column":9},"end":{"line":78,"column":22}},{"start":{"line":78,"column":25},"end":{"line":78,"column":36}}],"line":78}},"s":{"0":2,"1":1,"2":1,"3":1,"4":1,"5":1,"6":0,"7":0,"8":0,"9":0,"10":0,"11":0,"12":0,"13":0,"14":0,"15":0,"16":0,"17":0,"18":0,"19":0,"20":0},"f":{"0":1},"b":{"0":[0,0],"1":[0,0],"2":[0,0],"3":[0,0],"4":[0,0],"5":[0,0],"6":[0,0],"7":[0,0]},"_coverageSchema":"1a1c01bbd47fc00a2c39e90264f33305004495a9","hash":"9c977df674247631e7ed48361f94d9b08471f550"}
,"/Users/barakamukelenga/Documents/Microverse/javascript/tasks-list/src/helper.js": {"path":"/Users/barakamukelenga/Documents/Microverse/javascript/tasks-list/src/helper.js","statementMap":{"0":{"start":{"line":5,"column":2},"end":{"line":5,"column":21}},"1":{"start":{"line":6,"column":2},"end":{"line":6,"column":19}},"2":{"start":{"line":9,"column":15},"end":{"line":34,"column":4}},"3":{"start":{"line":10,"column":21},"end":{"line":17,"column":3}},"4":{"start":{"line":11,"column":20},"end":{"line":11,"column":40}},"5":{"start":{"line":12,"column":24},"end":{"line":12,"column":77}},"6":{"start":{"line":13,"column":4},"end":{"line":13,"column":33}},"7":{"start":{"line":14,"column":4},"end":{"line":14,"column":69}},"8":{"start":{"line":15,"column":4},"end":{"line":15,"column":69}},"9":{"start":{"line":16,"column":4},"end":{"line":16,"column":29}},"10":{"start":{"line":19,"column":24},"end":{"line":25,"column":3}},"11":{"start":{"line":20,"column":22},"end":{"line":20,"column":75}},"12":{"start":{"line":21,"column":4},"end":{"line":21,"column":80}},"13":{"start":{"line":21,"column":50},"end":{"line":21,"column":78}},"14":{"start":{"line":22,"column":4},"end":{"line":22,"column":69}},"15":{"start":{"line":23,"column":4},"end":{"line":23,"column":69}},"16":{"start":{"line":24,"column":4},"end":{"line":24,"column":29}},"17":{"start":{"line":27,"column":22},"end":{"line":27,"column":81}},"18":{"start":{"line":27,"column":28},"end":{"line":27,"column":81}},"19":{"start":{"line":29,"column":2},"end":{"line":33,"column":4}}},"fnMap":{"0":{"name":"NewProject","decl":{"start":{"line":4,"column":16},"end":{"line":4,"column":26}},"loc":{"start":{"line":4,"column":33},"end":{"line":7,"column":1}},"line":4},"1":{"name":"(anonymous_1)","decl":{"start":{"line":9,"column":16},"end":{"line":9,"column":17}},"loc":{"start":{"line":9,"column":22},"end":{"line":34,"column":1}},"line":9},"2":{"name":"(anonymous_2)","decl":{"start":{"line":10,"column":21},"end":{"line":10,"column":22}},"loc":{"start":{"line":10,"column":31},"end":{"line":17,"column":3}},"line":10},"3":{"name":"(anonymous_3)","decl":{"start":{"line":19,"column":24},"end":{"line":19,"column":25}},"loc":{"start":{"line":19,"column":32},"end":{"line":25,"column":3}},"line":19},"4":{"name":"(anonymous_4)","decl":{"start":{"line":21,"column":37},"end":{"line":21,"column":38}},"loc":{"start":{"line":21,"column":50},"end":{"line":21,"column":78}},"line":21},"5":{"name":"(anonymous_5)","decl":{"start":{"line":27,"column":22},"end":{"line":27,"column":23}},"loc":{"start":{"line":27,"column":28},"end":{"line":27,"column":81}},"line":27}},"branchMap":{"0":{"loc":{"start":{"line":12,"column":24},"end":{"line":12,"column":77}},"type":"binary-expr","locations":[{"start":{"line":12,"column":24},"end":{"line":12,"column":71}},{"start":{"line":12,"column":75},"end":{"line":12,"column":77}}],"line":12},"1":{"loc":{"start":{"line":20,"column":22},"end":{"line":20,"column":75}},"type":"binary-expr","locations":[{"start":{"line":20,"column":22},"end":{"line":20,"column":69}},{"start":{"line":20,"column":73},"end":{"line":20,"column":75}}],"line":20},"2":{"loc":{"start":{"line":27,"column":28},"end":{"line":27,"column":81}},"type":"binary-expr","locations":[{"start":{"line":27,"column":28},"end":{"line":27,"column":75}},{"start":{"line":27,"column":79},"end":{"line":27,"column":81}}],"line":27}},"s":{"0":1,"1":1,"2":1,"3":1,"4":0,"5":0,"6":0,"7":0,"8":0,"9":0,"10":1,"11":0,"12":0,"13":0,"14":0,"15":0,"16":0,"17":1,"18":0,"19":1},"f":{"0":1,"1":1,"2":0,"3":0,"4":0,"5":0},"b":{"0":[0,0],"1":[0,0],"2":[0,0]},"_coverageSchema":"1a1c01bbd47fc00a2c39e90264f33305004495a9","hash":"338127bf07fa330887760c2fb11add7396cae312"}
,"/Users/barakamukelenga/Documents/Microverse/javascript/tasks-list/src/projects.js": {"path":"/Users/barakamukelenga/Documents/Microverse/javascript/tasks-list/src/projects.js","statementMap":{"0":{"start":{"line":1,"column":23},"end":{"line":22,"column":1}},"1":{"start":{"line":2,"column":25},"end":{"line":2,"column":64}},"2":{"start":{"line":3,"column":2},"end":{"line":3,"column":32}},"3":{"start":{"line":4,"column":17},"end":{"line":4,"column":46}},"4":{"start":{"line":5,"column":2},"end":{"line":5,"column":54}},"5":{"start":{"line":6,"column":2},"end":{"line":6,"column":261}},"6":{"start":{"line":7,"column":22},"end":{"line":7,"column":50}},"7":{"start":{"line":8,"column":2},"end":{"line":8,"column":69}},"8":{"start":{"line":9,"column":2},"end":{"line":19,"column":5}},"9":{"start":{"line":10,"column":24},"end":{"line":10,"column":52}},"10":{"start":{"line":11,"column":4},"end":{"line":11,"column":49}},"11":{"start":{"line":12,"column":4},"end":{"line":17,"column":10}},"12":{"start":{"line":18,"column":4},"end":{"line":18,"column":48}},"13":{"start":{"line":20,"column":2},"end":{"line":20,"column":37}},"14":{"start":{"line":21,"column":2},"end":{"line":21,"column":42}}},"fnMap":{"0":{"name":"(anonymous_0)","decl":{"start":{"line":1,"column":23},"end":{"line":1,"column":24}},"loc":{"start":{"line":1,"column":37},"end":{"line":22,"column":1}},"line":1},"1":{"name":"(anonymous_1)","decl":{"start":{"line":9,"column":15},"end":{"line":9,"column":16}},"loc":{"start":{"line":9,"column":28},"end":{"line":19,"column":3}},"line":9}},"branchMap":{},"s":{"0":1,"1":0,"2":0,"3":0,"4":0,"5":0,"6":0,"7":0,"8":0,"9":0,"10":0,"11":0,"12":0,"13":0,"14":0},"f":{"0":0,"1":0},"b":{},"_coverageSchema":"1a1c01bbd47fc00a2c39e90264f33305004495a9","hash":"be78f600f53f956b2acd38bacbaa7ffe084dd5ec"}
,"/Users/barakamukelenga/Documents/Microverse/javascript/tasks-list/src/todo.js": {"path":"/Users/barakamukelenga/Documents/Microverse/javascript/tasks-list/src/todo.js","statementMap":{"0":{"start":{"line":3,"column":20},"end":{"line":37,"column":1}},"1":{"start":{"line":4,"column":22},"end":{"line":4,"column":63}},"2":{"start":{"line":5,"column":2},"end":{"line":5,"column":29}},"3":{"start":{"line":6,"column":17},"end":{"line":6,"column":46}},"4":{"start":{"line":7,"column":24},"end":{"line":7,"column":52}},"5":{"start":{"line":8,"column":2},"end":{"line":8,"column":66}},"6":{"start":{"line":9,"column":2},"end":{"line":34,"column":3}},"7":{"start":{"line":10,"column":4},"end":{"line":10,"column":114}},"8":{"start":{"line":12,"column":4},"end":{"line":14,"column":14}},"9":{"start":{"line":15,"column":4},"end":{"line":15,"column":54}},"10":{"start":{"line":16,"column":4},"end":{"line":33,"column":7}},"11":{"start":{"line":17,"column":23},"end":{"line":17,"column":51}},"12":{"start":{"line":18,"column":6},"end":{"line":18,"column":52}},"13":{"start":{"line":19,"column":6},"end":{"line":31,"column":16}},"14":{"start":{"line":32,"column":6},"end":{"line":32,"column":49}},"15":{"start":{"line":35,"column":2},"end":{"line":35,"column":34}},"16":{"start":{"line":36,"column":2},"end":{"line":36,"column":41}}},"fnMap":{"0":{"name":"(anonymous_0)","decl":{"start":{"line":3,"column":20},"end":{"line":3,"column":21}},"loc":{"start":{"line":3,"column":33},"end":{"line":37,"column":1}},"line":3},"1":{"name":"(anonymous_1)","decl":{"start":{"line":16,"column":22},"end":{"line":16,"column":23}},"loc":{"start":{"line":16,"column":32},"end":{"line":33,"column":5}},"line":16}},"branchMap":{"0":{"loc":{"start":{"line":9,"column":2},"end":{"line":34,"column":3}},"type":"if","locations":[{"start":{"line":9,"column":2},"end":{"line":34,"column":3}},{"start":{"line":9,"column":2},"end":{"line":34,"column":3}}],"line":9}},"s":{"0":1,"1":0,"2":0,"3":0,"4":0,"5":0,"6":0,"7":0,"8":0,"9":0,"10":0,"11":0,"12":0,"13":0,"14":0,"15":0,"16":0},"f":{"0":0,"1":0},"b":{"0":[0,0]},"_coverageSchema":"1a1c01bbd47fc00a2c39e90264f33305004495a9","hash":"6ddc9ddc002e7557282639eaf06d50f2665f3097"}
,"/Users/barakamukelenga/Documents/Microverse/javascript/tasks-list/src/todoActions.js": {"path":"/Users/barakamukelenga/Documents/Microverse/javascript/tasks-list/src/todoActions.js","statementMap":{"0":{"start":{"line":5,"column":4},"end":{"line":5,"column":21}},"1":{"start":{"line":6,"column":4},"end":{"line":6,"column":31}},"2":{"start":{"line":10,"column":21},"end":{"line":10,"column":71}},"3":{"start":{"line":11,"column":20},"end":{"line":17,"column":5}},"4":{"start":{"line":18,"column":4},"end":{"line":26,"column":5}},"5":{"start":{"line":19,"column":6},"end":{"line":19,"column":29}},"6":{"start":{"line":20,"column":6},"end":{"line":20,"column":65}},"7":{"start":{"line":21,"column":6},"end":{"line":21,"column":31}},"8":{"start":{"line":23,"column":6},"end":{"line":23,"column":29}},"9":{"start":{"line":24,"column":6},"end":{"line":24,"column":65}},"10":{"start":{"line":25,"column":6},"end":{"line":25,"column":31}},"11":{"start":{"line":30,"column":21},"end":{"line":30,"column":71}},"12":{"start":{"line":31,"column":22},"end":{"line":31,"column":86}},"13":{"start":{"line":31,"column":48},"end":{"line":31,"column":85}},"14":{"start":{"line":32,"column":19},"end":{"line":32,"column":38}},"15":{"start":{"line":33,"column":4},"end":{"line":33,"column":35}},"16":{"start":{"line":34,"column":4},"end":{"line":34,"column":47}},"17":{"start":{"line":35,"column":4},"end":{"line":35,"column":33}},"18":{"start":{"line":36,"column":4},"end":{"line":36,"column":45}},"19":{"start":{"line":37,"column":4},"end":{"line":37,"column":41}},"20":{"start":{"line":38,"column":4},"end":{"line":38,"column":33}},"21":{"start":{"line":39,"column":4},"end":{"line":39,"column":63}},"22":{"start":{"line":40,"column":4},"end":{"line":40,"column":29}},"23":{"start":{"line":44,"column":21},"end":{"line":44,"column":71}},"24":{"start":{"line":45,"column":22},"end":{"line":45,"column":89}},"25":{"start":{"line":45,"column":48},"end":{"line":45,"column":88}},"26":{"start":{"line":46,"column":19},"end":{"line":46,"column":38}},"27":{"start":{"line":47,"column":4},"end":{"line":47,"column":39}},"28":{"start":{"line":48,"column":4},"end":{"line":48,"column":33}},"29":{"start":{"line":49,"column":4},"end":{"line":49,"column":63}},"30":{"start":{"line":50,"column":4},"end":{"line":50,"column":29}},"31":{"start":{"line":54,"column":21},"end":{"line":54,"column":71}},"32":{"start":{"line":55,"column":24},"end":{"line":55,"column":94}},"33":{"start":{"line":55,"column":50},"end":{"line":55,"column":93}},"34":{"start":{"line":56,"column":4},"end":{"line":56,"column":66}},"35":{"start":{"line":57,"column":4},"end":{"line":57,"column":29}},"36":{"start":{"line":61,"column":20},"end":{"line":88,"column":4}},"37":{"start":{"line":62,"column":20},"end":{"line":65,"column":3}},"38":{"start":{"line":63,"column":23},"end":{"line":63,"column":37}},"39":{"start":{"line":64,"column":4},"end":{"line":64,"column":34}},"40":{"start":{"line":67,"column":21},"end":{"line":70,"column":3}},"41":{"start":{"line":68,"column":20},"end":{"line":68,"column":45}},"42":{"start":{"line":69,"column":4},"end":{"line":69,"column":22}},"43":{"start":{"line":72,"column":23},"end":{"line":75,"column":3}},"44":{"start":{"line":73,"column":20},"end":{"line":73,"column":36}},"45":{"start":{"line":74,"column":4},"end":{"line":74,"column":27}},"46":{"start":{"line":77,"column":21},"end":{"line":80,"column":3}},"47":{"start":{"line":78,"column":20},"end":{"line":78,"column":36}},"48":{"start":{"line":79,"column":4},"end":{"line":79,"column":25}},"49":{"start":{"line":82,"column":2},"end":{"line":87,"column":4}}},"fnMap":{"0":{"name":"(anonymous_0)","decl":{"start":{"line":4,"column":2},"end":{"line":4,"column":3}},"loc":{"start":{"line":4,"column":31},"end":{"line":7,"column":3}},"line":4},"1":{"name":"(anonymous_1)","decl":{"start":{"line":9,"column":2},"end":{"line":9,"column":3}},"loc":{"start":{"line":9,"column":12},"end":{"line":27,"column":3}},"line":9},"2":{"name":"(anonymous_2)","decl":{"start":{"line":29,"column":2},"end":{"line":29,"column":3}},"loc":{"start":{"line":29,"column":21},"end":{"line":41,"column":3}},"line":29},"3":{"name":"(anonymous_3)","decl":{"start":{"line":31,"column":41},"end":{"line":31,"column":42}},"loc":{"start":{"line":31,"column":48},"end":{"line":31,"column":85}},"line":31},"4":{"name":"(anonymous_4)","decl":{"start":{"line":43,"column":2},"end":{"line":43,"column":3}},"loc":{"start":{"line":43,"column":17},"end":{"line":51,"column":3}},"line":43},"5":{"name":"(anonymous_5)","decl":{"start":{"line":45,"column":41},"end":{"line":45,"column":42}},"loc":{"start":{"line":45,"column":48},"end":{"line":45,"column":88}},"line":45},"6":{"name":"(anonymous_6)","decl":{"start":{"line":53,"column":2},"end":{"line":53,"column":3}},"loc":{"start":{"line":53,"column":15},"end":{"line":58,"column":3}},"line":53},"7":{"name":"(anonymous_7)","decl":{"start":{"line":55,"column":40},"end":{"line":55,"column":41}},"loc":{"start":{"line":55,"column":50},"end":{"line":55,"column":93}},"line":55},"8":{"name":"(anonymous_8)","decl":{"start":{"line":61,"column":21},"end":{"line":61,"column":22}},"loc":{"start":{"line":61,"column":27},"end":{"line":88,"column":1}},"line":61},"9":{"name":"(anonymous_9)","decl":{"start":{"line":62,"column":20},"end":{"line":62,"column":21}},"loc":{"start":{"line":62,"column":38},"end":{"line":65,"column":3}},"line":62},"10":{"name":"(anonymous_10)","decl":{"start":{"line":67,"column":21},"end":{"line":67,"column":22}},"loc":{"start":{"line":67,"column":42},"end":{"line":70,"column":3}},"line":67},"11":{"name":"(anonymous_11)","decl":{"start":{"line":72,"column":23},"end":{"line":72,"column":24}},"loc":{"start":{"line":72,"column":35},"end":{"line":75,"column":3}},"line":72},"12":{"name":"(anonymous_12)","decl":{"start":{"line":77,"column":21},"end":{"line":77,"column":22}},"loc":{"start":{"line":77,"column":33},"end":{"line":80,"column":3}},"line":77}},"branchMap":{"0":{"loc":{"start":{"line":10,"column":21},"end":{"line":10,"column":71}},"type":"binary-expr","locations":[{"start":{"line":10,"column":21},"end":{"line":10,"column":65}},{"start":{"line":10,"column":69},"end":{"line":10,"column":71}}],"line":10},"1":{"loc":{"start":{"line":18,"column":4},"end":{"line":26,"column":5}},"type":"if","locations":[{"start":{"line":18,"column":4},"end":{"line":26,"column":5}},{"start":{"line":18,"column":4},"end":{"line":26,"column":5}}],"line":18},"2":{"loc":{"start":{"line":30,"column":21},"end":{"line":30,"column":71}},"type":"binary-expr","locations":[{"start":{"line":30,"column":21},"end":{"line":30,"column":65}},{"start":{"line":30,"column":69},"end":{"line":30,"column":71}}],"line":30},"3":{"loc":{"start":{"line":44,"column":21},"end":{"line":44,"column":71}},"type":"binary-expr","locations":[{"start":{"line":44,"column":21},"end":{"line":44,"column":65}},{"start":{"line":44,"column":69},"end":{"line":44,"column":71}}],"line":44},"4":{"loc":{"start":{"line":54,"column":21},"end":{"line":54,"column":71}},"type":"binary-expr","locations":[{"start":{"line":54,"column":21},"end":{"line":54,"column":65}},{"start":{"line":54,"column":69},"end":{"line":54,"column":71}}],"line":54}},"s":{"0":0,"1":0,"2":0,"3":0,"4":0,"5":0,"6":0,"7":0,"8":0,"9":0,"10":0,"11":0,"12":0,"13":0,"14":0,"15":0,"16":0,"17":0,"18":0,"19":0,"20":0,"21":0,"22":0,"23":0,"24":0,"25":0,"26":0,"27":0,"28":0,"29":0,"30":0,"31":0,"32":0,"33":0,"34":0,"35":0,"36":1,"37":1,"38":0,"39":0,"40":1,"41":0,"42":0,"43":1,"44":0,"45":0,"46":1,"47":0,"48":0,"49":1},"f":{"0":0,"1":0,"2":0,"3":0,"4":0,"5":0,"6":0,"7":0,"8":1,"9":0,"10":0,"11":0,"12":0},"b":{"0":[0,0],"1":[0,0],"2":[0,0],"3":[0,0],"4":[0,0]},"_coverageSchema":"1a1c01bbd47fc00a2c39e90264f33305004495a9","hash":"07beee81fec0413a044fad3bd3b396346c9e8988"}
}
