{"/home/igorkoloski/Desktop/taks-list/tasks-list/src/editTodo.js": {"path":"/home/igorkoloski/Desktop/taks-list/tasks-list/src/editTodo.js","statementMap":{"0":{"start":{"line":1,"column":17},"end":{"line":85,"column":1}},"1":{"start":{"line":2,"column":24},"end":{"line":2,"column":64}},"2":{"start":{"line":3,"column":24},"end":{"line":3,"column":53}},"3":{"start":{"line":4,"column":21},"end":{"line":4,"column":49}},"4":{"start":{"line":5,"column":22},"end":{"line":5,"column":59}},"5":{"start":{"line":6,"column":2},"end":{"line":6,"column":31}},"6":{"start":{"line":7,"column":2},"end":{"line":7,"column":53}},"7":{"start":{"line":8,"column":15},"end":{"line":8,"column":45}},"8":{"start":{"line":10,"column":2},"end":{"line":80,"column":3}},"9":{"start":{"line":11,"column":4},"end":{"line":11,"column":30}},"10":{"start":{"line":12,"column":4},"end":{"line":12,"column":88}},"11":{"start":{"line":14,"column":4},"end":{"line":14,"column":42}},"12":{"start":{"line":15,"column":4},"end":{"line":15,"column":62}},"13":{"start":{"line":16,"column":4},"end":{"line":16,"column":51}},"14":{"start":{"line":17,"column":4},"end":{"line":17,"column":63}},"15":{"start":{"line":18,"column":4},"end":{"line":18,"column":63}},"16":{"start":{"line":19,"column":4},"end":{"line":19,"column":36}},"17":{"start":{"line":20,"column":4},"end":{"line":79,"column":12}},"18":{"start":{"line":82,"column":2},"end":{"line":82,"column":40}},"19":{"start":{"line":83,"column":2},"end":{"line":83,"column":34}},"20":{"start":{"line":84,"column":2},"end":{"line":84,"column":43}}},"fnMap":{"0":{"name":"(anonymous_0)","decl":{"start":{"line":1,"column":17},"end":{"line":1,"column":18}},"loc":{"start":{"line":1,"column":44},"end":{"line":85,"column":1}},"line":1}},"branchMap":{"0":{"loc":{"start":{"line":10,"column":2},"end":{"line":80,"column":3}},"type":"if","locations":[{"start":{"line":10,"column":2},"end":{"line":80,"column":3}},{"start":{"line":10,"column":2},"end":{"line":80,"column":3}}],"line":10},"1":{"loc":{"start":{"line":15,"column":27},"end":{"line":15,"column":61}},"type":"cond-expr","locations":[{"start":{"line":15,"column":34},"end":{"line":15,"column":45}},{"start":{"line":15,"column":48},"end":{"line":15,"column":61}}],"line":15},"2":{"loc":{"start":{"line":17,"column":38},"end":{"line":17,"column":59}},"type":"cond-expr","locations":[{"start":{"line":17,"column":45},"end":{"line":17,"column":52}},{"start":{"line":17,"column":55},"end":{"line":17,"column":59}}],"line":17},"3":{"loc":{"start":{"line":27,"column":15},"end":{"line":27,"column":37}},"type":"cond-expr","locations":[{"start":{"line":27,"column":22},"end":{"line":27,"column":32}},{"start":{"line":27,"column":35},"end":{"line":27,"column":37}}],"line":27},"4":{"loc":{"start":{"line":40,"column":15},"end":{"line":40,"column":43}},"type":"cond-expr","locations":[{"start":{"line":40,"column":22},"end":{"line":40,"column":38}},{"start":{"line":40,"column":41},"end":{"line":40,"column":43}}],"line":40},"5":{"loc":{"start":{"line":53,"column":14},"end":{"line":53,"column":44}},"type":"cond-expr","locations":[{"start":{"line":53,"column":21},"end":{"line":53,"column":30}},{"start":{"line":53,"column":33},"end":{"line":53,"column":44}}],"line":53},"6":{"loc":{"start":{"line":62,"column":12},"end":{"line":62,"column":39}},"type":"cond-expr","locations":[{"start":{"line":62,"column":19},"end":{"line":62,"column":34}},{"start":{"line":62,"column":37},"end":{"line":62,"column":39}}],"line":62},"7":{"loc":{"start":{"line":78,"column":2},"end":{"line":78,"column":36}},"type":"cond-expr","locations":[{"start":{"line":78,"column":9},"end":{"line":78,"column":22}},{"start":{"line":78,"column":25},"end":{"line":78,"column":36}}],"line":78}},"s":{"0":1,"1":1,"2":1,"3":1,"4":1,"5":1,"6":0,"7":0,"8":0,"9":0,"10":0,"11":0,"12":0,"13":0,"14":0,"15":0,"16":0,"17":0,"18":0,"19":0,"20":0},"f":{"0":1},"b":{"0":[0,0],"1":[0,0],"2":[0,0],"3":[0,0],"4":[0,0],"5":[0,0],"6":[0,0],"7":[0,0]},"_coverageSchema":"1a1c01bbd47fc00a2c39e90264f33305004495a9","hash":"927471879100d1185a35e7e736bad1889a5d7fda"}
}
